<?xml version="1.0" encoding="UTF-8"?>
<testsuite xmlns:xsi="http://www.w3.org/2001/XMLSchema-instance" xsi:noNamespaceSchemaLocation="https://maven.apache.org/surefire/maven-surefire-plugin/xsd/surefire-test-report.xsd" name="com.sangeng.MapperTest" time="8.618" tests="3" errors="0" skipped="0" failures="0">
  <properties>
    <property name="sun.desktop" value="windows"/>
    <property name="awt.toolkit" value="sun.awt.windows.WToolkit"/>
    <property name="file.encoding.pkg" value="sun.io"/>
    <property name="java.specification.version" value="1.8"/>
    <property name="sun.cpu.isalist" value="amd64"/>
    <property name="sun.jnu.encoding" value="GBK"/>
    <property name="java.class.path" value="D:\SanGengSpringSecurity\02_TokenDemo\target\test-classes;D:\SanGengSpringSecurity\02_TokenDemo\target\classes;D:\software\apache-maven-3.6.1\mvn_resp\org\springframework\boot\spring-boot-starter-web\2.5.0\spring-boot-starter-web-2.5.0.jar;D:\software\apache-maven-3.6.1\mvn_resp\org\springframework\boot\spring-boot-starter\2.5.0\spring-boot-starter-2.5.0.jar;D:\software\apache-maven-3.6.1\mvn_resp\org\springframework\boot\spring-boot\2.5.0\spring-boot-2.5.0.jar;D:\software\apache-maven-3.6.1\mvn_resp\org\springframework\boot\spring-boot-starter-logging\2.5.0\spring-boot-starter-logging-2.5.0.jar;D:\software\apache-maven-3.6.1\mvn_resp\ch\qos\logback\logback-classic\1.2.3\logback-classic-1.2.3.jar;D:\software\apache-maven-3.6.1\mvn_resp\ch\qos\logback\logback-core\1.2.3\logback-core-1.2.3.jar;D:\software\apache-maven-3.6.1\mvn_resp\org\apache\logging\log4j\log4j-to-slf4j\2.14.1\log4j-to-slf4j-2.14.1.jar;D:\software\apache-maven-3.6.1\mvn_resp\org\apache\logging\log4j\log4j-api\2.14.1\log4j-api-2.14.1.jar;D:\software\apache-maven-3.6.1\mvn_resp\org\slf4j\jul-to-slf4j\1.7.30\jul-to-slf4j-1.7.30.jar;D:\software\apache-maven-3.6.1\mvn_resp\jakarta\annotation\jakarta.annotation-api\1.3.5\jakarta.annotation-api-1.3.5.jar;D:\software\apache-maven-3.6.1\mvn_resp\org\yaml\snakeyaml\1.28\snakeyaml-1.28.jar;D:\software\apache-maven-3.6.1\mvn_resp\org\springframework\boot\spring-boot-starter-json\2.5.0\spring-boot-starter-json-2.5.0.jar;D:\software\apache-maven-3.6.1\mvn_resp\com\fasterxml\jackson\datatype\jackson-datatype-jdk8\2.12.3\jackson-datatype-jdk8-2.12.3.jar;D:\software\apache-maven-3.6.1\mvn_resp\com\fasterxml\jackson\datatype\jackson-datatype-jsr310\2.12.3\jackson-datatype-jsr310-2.12.3.jar;D:\software\apache-maven-3.6.1\mvn_resp\com\fasterxml\jackson\module\jackson-module-parameter-names\2.12.3\jackson-module-parameter-names-2.12.3.jar;D:\software\apache-maven-3.6.1\mvn_resp\org\springframework\boot\spring-boot-starter-tomcat\2.5.0\spring-boot-starter-tomcat-2.5.0.jar;D:\software\apache-maven-3.6.1\mvn_resp\org\apache\tomcat\embed\tomcat-embed-core\9.0.46\tomcat-embed-core-9.0.46.jar;D:\software\apache-maven-3.6.1\mvn_resp\org\apache\tomcat\embed\tomcat-embed-el\9.0.46\tomcat-embed-el-9.0.46.jar;D:\software\apache-maven-3.6.1\mvn_resp\org\apache\tomcat\embed\tomcat-embed-websocket\9.0.46\tomcat-embed-websocket-9.0.46.jar;D:\software\apache-maven-3.6.1\mvn_resp\org\springframework\spring-web\5.3.7\spring-web-5.3.7.jar;D:\software\apache-maven-3.6.1\mvn_resp\org\springframework\spring-beans\5.3.7\spring-beans-5.3.7.jar;D:\software\apache-maven-3.6.1\mvn_resp\org\springframework\spring-webmvc\5.3.7\spring-webmvc-5.3.7.jar;D:\software\apache-maven-3.6.1\mvn_resp\org\springframework\spring-context\5.3.7\spring-context-5.3.7.jar;D:\software\apache-maven-3.6.1\mvn_resp\org\springframework\spring-expression\5.3.7\spring-expression-5.3.7.jar;D:\software\apache-maven-3.6.1\mvn_resp\org\projectlombok\lombok\1.18.20\lombok-1.18.20.jar;D:\software\apache-maven-3.6.1\mvn_resp\org\springframework\boot\spring-boot-starter-security\2.5.0\spring-boot-starter-security-2.5.0.jar;D:\software\apache-maven-3.6.1\mvn_resp\org\springframework\spring-aop\5.3.7\spring-aop-5.3.7.jar;D:\software\apache-maven-3.6.1\mvn_resp\org\springframework\security\spring-security-config\5.5.0\spring-security-config-5.5.0.jar;D:\software\apache-maven-3.6.1\mvn_resp\org\springframework\security\spring-security-core\5.5.0\spring-security-core-5.5.0.jar;D:\software\apache-maven-3.6.1\mvn_resp\org\jetbrains\kotlin\kotlin-stdlib-jdk8\1.5.0\kotlin-stdlib-jdk8-1.5.0.jar;D:\software\apache-maven-3.6.1\mvn_resp\org\jetbrains\kotlin\kotlin-stdlib\1.5.0\kotlin-stdlib-1.5.0.jar;D:\software\apache-maven-3.6.1\mvn_resp\org\jetbrains\annotations\13.0\annotations-13.0.jar;D:\software\apache-maven-3.6.1\mvn_resp\org\jetbrains\kotlin\kotlin-stdlib-common\1.5.0\kotlin-stdlib-common-1.5.0.jar;D:\software\apache-maven-3.6.1\mvn_resp\org\jetbrains\kotlin\kotlin-stdlib-jdk7\1.5.0\kotlin-stdlib-jdk7-1.5.0.jar;D:\software\apache-maven-3.6.1\mvn_resp\org\springframework\security\spring-security-web\5.5.0\spring-security-web-5.5.0.jar;D:\software\apache-maven-3.6.1\mvn_resp\org\springframework\boot\spring-boot-starter-data-redis\2.5.0\spring-boot-starter-data-redis-2.5.0.jar;D:\software\apache-maven-3.6.1\mvn_resp\org\springframework\data\spring-data-redis\2.5.1\spring-data-redis-2.5.1.jar;D:\software\apache-maven-3.6.1\mvn_resp\org\springframework\data\spring-data-keyvalue\2.5.1\spring-data-keyvalue-2.5.1.jar;D:\software\apache-maven-3.6.1\mvn_resp\org\springframework\data\spring-data-commons\2.5.1\spring-data-commons-2.5.1.jar;D:\software\apache-maven-3.6.1\mvn_resp\org\springframework\spring-tx\5.3.7\spring-tx-5.3.7.jar;D:\software\apache-maven-3.6.1\mvn_resp\org\springframework\spring-oxm\5.3.7\spring-oxm-5.3.7.jar;D:\software\apache-maven-3.6.1\mvn_resp\org\springframework\spring-context-support\5.3.7\spring-context-support-5.3.7.jar;D:\software\apache-maven-3.6.1\mvn_resp\org\slf4j\slf4j-api\1.7.30\slf4j-api-1.7.30.jar;D:\software\apache-maven-3.6.1\mvn_resp\io\lettuce\lettuce-core\6.1.2.RELEASE\lettuce-core-6.1.2.RELEASE.jar;D:\software\apache-maven-3.6.1\mvn_resp\io\netty\netty-common\4.1.65.Final\netty-common-4.1.65.Final.jar;D:\software\apache-maven-3.6.1\mvn_resp\io\netty\netty-handler\4.1.65.Final\netty-handler-4.1.65.Final.jar;D:\software\apache-maven-3.6.1\mvn_resp\io\netty\netty-resolver\4.1.65.Final\netty-resolver-4.1.65.Final.jar;D:\software\apache-maven-3.6.1\mvn_resp\io\netty\netty-buffer\4.1.65.Final\netty-buffer-4.1.65.Final.jar;D:\software\apache-maven-3.6.1\mvn_resp\io\netty\netty-codec\4.1.65.Final\netty-codec-4.1.65.Final.jar;D:\software\apache-maven-3.6.1\mvn_resp\io\netty\netty-transport\4.1.65.Final\netty-transport-4.1.65.Final.jar;D:\software\apache-maven-3.6.1\mvn_resp\io\projectreactor\reactor-core\3.4.6\reactor-core-3.4.6.jar;D:\software\apache-maven-3.6.1\mvn_resp\org\reactivestreams\reactive-streams\1.0.3\reactive-streams-1.0.3.jar;D:\software\apache-maven-3.6.1\mvn_resp\com\alibaba\fastjson\1.2.33\fastjson-1.2.33.jar;D:\software\apache-maven-3.6.1\mvn_resp\io\jsonwebtoken\jjwt\0.9.0\jjwt-0.9.0.jar;D:\software\apache-maven-3.6.1\mvn_resp\com\fasterxml\jackson\core\jackson-databind\2.12.3\jackson-databind-2.12.3.jar;D:\software\apache-maven-3.6.1\mvn_resp\com\fasterxml\jackson\core\jackson-annotations\2.12.3\jackson-annotations-2.12.3.jar;D:\software\apache-maven-3.6.1\mvn_resp\com\fasterxml\jackson\core\jackson-core\2.12.3\jackson-core-2.12.3.jar;D:\software\apache-maven-3.6.1\mvn_resp\com\baomidou\mybatis-plus-boot-starter\3.4.3\mybatis-plus-boot-starter-3.4.3.jar;D:\software\apache-maven-3.6.1\mvn_resp\com\baomidou\mybatis-plus\3.4.3\mybatis-plus-3.4.3.jar;D:\software\apache-maven-3.6.1\mvn_resp\com\baomidou\mybatis-plus-extension\3.4.3\mybatis-plus-extension-3.4.3.jar;D:\software\apache-maven-3.6.1\mvn_resp\com\baomidou\mybatis-plus-core\3.4.3\mybatis-plus-core-3.4.3.jar;D:\software\apache-maven-3.6.1\mvn_resp\com\baomidou\mybatis-plus-annotation\3.4.3\mybatis-plus-annotation-3.4.3.jar;D:\software\apache-maven-3.6.1\mvn_resp\com\github\jsqlparser\jsqlparser\4.0\jsqlparser-4.0.jar;D:\software\apache-maven-3.6.1\mvn_resp\org\mybatis\mybatis\3.5.7\mybatis-3.5.7.jar;D:\software\apache-maven-3.6.1\mvn_resp\org\mybatis\mybatis-spring\2.0.6\mybatis-spring-2.0.6.jar;D:\software\apache-maven-3.6.1\mvn_resp\org\springframework\boot\spring-boot-autoconfigure\2.5.0\spring-boot-autoconfigure-2.5.0.jar;D:\software\apache-maven-3.6.1\mvn_resp\org\springframework\boot\spring-boot-starter-jdbc\2.5.0\spring-boot-starter-jdbc-2.5.0.jar;D:\software\apache-maven-3.6.1\mvn_resp\com\zaxxer\HikariCP\4.0.3\HikariCP-4.0.3.jar;D:\software\apache-maven-3.6.1\mvn_resp\org\springframework\spring-jdbc\5.3.7\spring-jdbc-5.3.7.jar;D:\software\apache-maven-3.6.1\mvn_resp\mysql\mysql-connector-java\8.0.25\mysql-connector-java-8.0.25.jar;D:\software\apache-maven-3.6.1\mvn_resp\org\springframework\boot\spring-boot-starter-test\2.5.0\spring-boot-starter-test-2.5.0.jar;D:\software\apache-maven-3.6.1\mvn_resp\org\springframework\boot\spring-boot-test\2.5.0\spring-boot-test-2.5.0.jar;D:\software\apache-maven-3.6.1\mvn_resp\org\springframework\boot\spring-boot-test-autoconfigure\2.5.0\spring-boot-test-autoconfigure-2.5.0.jar;D:\software\apache-maven-3.6.1\mvn_resp\com\jayway\jsonpath\json-path\2.5.0\json-path-2.5.0.jar;D:\software\apache-maven-3.6.1\mvn_resp\net\minidev\json-smart\2.4.7\json-smart-2.4.7.jar;D:\software\apache-maven-3.6.1\mvn_resp\net\minidev\accessors-smart\2.4.7\accessors-smart-2.4.7.jar;D:\software\apache-maven-3.6.1\mvn_resp\org\ow2\asm\asm\9.1\asm-9.1.jar;D:\software\apache-maven-3.6.1\mvn_resp\jakarta\xml\bind\jakarta.xml.bind-api\2.3.3\jakarta.xml.bind-api-2.3.3.jar;D:\software\apache-maven-3.6.1\mvn_resp\jakarta\activation\jakarta.activation-api\1.2.2\jakarta.activation-api-1.2.2.jar;D:\software\apache-maven-3.6.1\mvn_resp\org\assertj\assertj-core\3.19.0\assertj-core-3.19.0.jar;D:\software\apache-maven-3.6.1\mvn_resp\org\hamcrest\hamcrest\2.2\hamcrest-2.2.jar;D:\software\apache-maven-3.6.1\mvn_resp\org\junit\jupiter\junit-jupiter\5.7.2\junit-jupiter-5.7.2.jar;D:\software\apache-maven-3.6.1\mvn_resp\org\junit\jupiter\junit-jupiter-api\5.7.2\junit-jupiter-api-5.7.2.jar;D:\software\apache-maven-3.6.1\mvn_resp\org\apiguardian\apiguardian-api\1.1.0\apiguardian-api-1.1.0.jar;D:\software\apache-maven-3.6.1\mvn_resp\org\opentest4j\opentest4j\1.2.0\opentest4j-1.2.0.jar;D:\software\apache-maven-3.6.1\mvn_resp\org\junit\platform\junit-platform-commons\1.7.2\junit-platform-commons-1.7.2.jar;D:\software\apache-maven-3.6.1\mvn_resp\org\junit\jupiter\junit-jupiter-params\5.7.2\junit-jupiter-params-5.7.2.jar;D:\software\apache-maven-3.6.1\mvn_resp\org\junit\jupiter\junit-jupiter-engine\5.7.2\junit-jupiter-engine-5.7.2.jar;D:\software\apache-maven-3.6.1\mvn_resp\org\junit\platform\junit-platform-engine\1.7.2\junit-platform-engine-1.7.2.jar;D:\software\apache-maven-3.6.1\mvn_resp\org\mockito\mockito-core\3.9.0\mockito-core-3.9.0.jar;D:\software\apache-maven-3.6.1\mvn_resp\net\bytebuddy\byte-buddy\1.10.22\byte-buddy-1.10.22.jar;D:\software\apache-maven-3.6.1\mvn_resp\net\bytebuddy\byte-buddy-agent\1.10.22\byte-buddy-agent-1.10.22.jar;D:\software\apache-maven-3.6.1\mvn_resp\org\objenesis\objenesis\3.2\objenesis-3.2.jar;D:\software\apache-maven-3.6.1\mvn_resp\org\mockito\mockito-junit-jupiter\3.9.0\mockito-junit-jupiter-3.9.0.jar;D:\software\apache-maven-3.6.1\mvn_resp\org\skyscreamer\jsonassert\1.5.0\jsonassert-1.5.0.jar;D:\software\apache-maven-3.6.1\mvn_resp\com\vaadin\external\google\android-json\0.0.20131108.vaadin1\android-json-0.0.20131108.vaadin1.jar;D:\software\apache-maven-3.6.1\mvn_resp\org\springframework\spring-core\5.3.7\spring-core-5.3.7.jar;D:\software\apache-maven-3.6.1\mvn_resp\org\springframework\spring-jcl\5.3.7\spring-jcl-5.3.7.jar;D:\software\apache-maven-3.6.1\mvn_resp\org\springframework\spring-test\5.3.7\spring-test-5.3.7.jar;D:\software\apache-maven-3.6.1\mvn_resp\org\xmlunit\xmlunit-core\2.8.2\xmlunit-core-2.8.2.jar;"/>
    <property name="java.vm.vendor" value="Oracle Corporation"/>
    <property name="sun.arch.data.model" value="64"/>
    <property name="user.variant" value=""/>
    <property name="java.vendor.url" value="http://java.oracle.com/"/>
    <property name="user.timezone" value="Asia/Shanghai"/>
    <property name="java.vm.specification.version" value="1.8"/>
    <property name="os.name" value="Windows 10"/>
    <property name="user.country" value="CN"/>
    <property name="sun.java.launcher" value="SUN_STANDARD"/>
    <property name="sun.boot.library.path" value="D:\Java\jdk1.8.0_92\jre\bin"/>
    <property name="sun.java.command" value="C:\Users\gongxuan\AppData\Local\Temp\surefire3059798035233866159\surefirebooter7294640636051926018.jar C:\Users\gongxuan\AppData\Local\Temp\surefire3059798035233866159 2022-10-23T23-34-43_659-jvmRun1 surefire8410519914748741570tmp surefire_01123976042025864216tmp"/>
    <property name="surefire.test.class.path" value="D:\SanGengSpringSecurity\02_TokenDemo\target\test-classes;D:\SanGengSpringSecurity\02_TokenDemo\target\classes;D:\software\apache-maven-3.6.1\mvn_resp\org\springframework\boot\spring-boot-starter-web\2.5.0\spring-boot-starter-web-2.5.0.jar;D:\software\apache-maven-3.6.1\mvn_resp\org\springframework\boot\spring-boot-starter\2.5.0\spring-boot-starter-2.5.0.jar;D:\software\apache-maven-3.6.1\mvn_resp\org\springframework\boot\spring-boot\2.5.0\spring-boot-2.5.0.jar;D:\software\apache-maven-3.6.1\mvn_resp\org\springframework\boot\spring-boot-starter-logging\2.5.0\spring-boot-starter-logging-2.5.0.jar;D:\software\apache-maven-3.6.1\mvn_resp\ch\qos\logback\logback-classic\1.2.3\logback-classic-1.2.3.jar;D:\software\apache-maven-3.6.1\mvn_resp\ch\qos\logback\logback-core\1.2.3\logback-core-1.2.3.jar;D:\software\apache-maven-3.6.1\mvn_resp\org\apache\logging\log4j\log4j-to-slf4j\2.14.1\log4j-to-slf4j-2.14.1.jar;D:\software\apache-maven-3.6.1\mvn_resp\org\apache\logging\log4j\log4j-api\2.14.1\log4j-api-2.14.1.jar;D:\software\apache-maven-3.6.1\mvn_resp\org\slf4j\jul-to-slf4j\1.7.30\jul-to-slf4j-1.7.30.jar;D:\software\apache-maven-3.6.1\mvn_resp\jakarta\annotation\jakarta.annotation-api\1.3.5\jakarta.annotation-api-1.3.5.jar;D:\software\apache-maven-3.6.1\mvn_resp\org\yaml\snakeyaml\1.28\snakeyaml-1.28.jar;D:\software\apache-maven-3.6.1\mvn_resp\org\springframework\boot\spring-boot-starter-json\2.5.0\spring-boot-starter-json-2.5.0.jar;D:\software\apache-maven-3.6.1\mvn_resp\com\fasterxml\jackson\datatype\jackson-datatype-jdk8\2.12.3\jackson-datatype-jdk8-2.12.3.jar;D:\software\apache-maven-3.6.1\mvn_resp\com\fasterxml\jackson\datatype\jackson-datatype-jsr310\2.12.3\jackson-datatype-jsr310-2.12.3.jar;D:\software\apache-maven-3.6.1\mvn_resp\com\fasterxml\jackson\module\jackson-module-parameter-names\2.12.3\jackson-module-parameter-names-2.12.3.jar;D:\software\apache-maven-3.6.1\mvn_resp\org\springframework\boot\spring-boot-starter-tomcat\2.5.0\spring-boot-starter-tomcat-2.5.0.jar;D:\software\apache-maven-3.6.1\mvn_resp\org\apache\tomcat\embed\tomcat-embed-core\9.0.46\tomcat-embed-core-9.0.46.jar;D:\software\apache-maven-3.6.1\mvn_resp\org\apache\tomcat\embed\tomcat-embed-el\9.0.46\tomcat-embed-el-9.0.46.jar;D:\software\apache-maven-3.6.1\mvn_resp\org\apache\tomcat\embed\tomcat-embed-websocket\9.0.46\tomcat-embed-websocket-9.0.46.jar;D:\software\apache-maven-3.6.1\mvn_resp\org\springframework\spring-web\5.3.7\spring-web-5.3.7.jar;D:\software\apache-maven-3.6.1\mvn_resp\org\springframework\spring-beans\5.3.7\spring-beans-5.3.7.jar;D:\software\apache-maven-3.6.1\mvn_resp\org\springframework\spring-webmvc\5.3.7\spring-webmvc-5.3.7.jar;D:\software\apache-maven-3.6.1\mvn_resp\org\springframework\spring-context\5.3.7\spring-context-5.3.7.jar;D:\software\apache-maven-3.6.1\mvn_resp\org\springframework\spring-expression\5.3.7\spring-expression-5.3.7.jar;D:\software\apache-maven-3.6.1\mvn_resp\org\projectlombok\lombok\1.18.20\lombok-1.18.20.jar;D:\software\apache-maven-3.6.1\mvn_resp\org\springframework\boot\spring-boot-starter-security\2.5.0\spring-boot-starter-security-2.5.0.jar;D:\software\apache-maven-3.6.1\mvn_resp\org\springframework\spring-aop\5.3.7\spring-aop-5.3.7.jar;D:\software\apache-maven-3.6.1\mvn_resp\org\springframework\security\spring-security-config\5.5.0\spring-security-config-5.5.0.jar;D:\software\apache-maven-3.6.1\mvn_resp\org\springframework\security\spring-security-core\5.5.0\spring-security-core-5.5.0.jar;D:\software\apache-maven-3.6.1\mvn_resp\org\jetbrains\kotlin\kotlin-stdlib-jdk8\1.5.0\kotlin-stdlib-jdk8-1.5.0.jar;D:\software\apache-maven-3.6.1\mvn_resp\org\jetbrains\kotlin\kotlin-stdlib\1.5.0\kotlin-stdlib-1.5.0.jar;D:\software\apache-maven-3.6.1\mvn_resp\org\jetbrains\annotations\13.0\annotations-13.0.jar;D:\software\apache-maven-3.6.1\mvn_resp\org\jetbrains\kotlin\kotlin-stdlib-common\1.5.0\kotlin-stdlib-common-1.5.0.jar;D:\software\apache-maven-3.6.1\mvn_resp\org\jetbrains\kotlin\kotlin-stdlib-jdk7\1.5.0\kotlin-stdlib-jdk7-1.5.0.jar;D:\software\apache-maven-3.6.1\mvn_resp\org\springframework\security\spring-security-web\5.5.0\spring-security-web-5.5.0.jar;D:\software\apache-maven-3.6.1\mvn_resp\org\springframework\boot\spring-boot-starter-data-redis\2.5.0\spring-boot-starter-data-redis-2.5.0.jar;D:\software\apache-maven-3.6.1\mvn_resp\org\springframework\data\spring-data-redis\2.5.1\spring-data-redis-2.5.1.jar;D:\software\apache-maven-3.6.1\mvn_resp\org\springframework\data\spring-data-keyvalue\2.5.1\spring-data-keyvalue-2.5.1.jar;D:\software\apache-maven-3.6.1\mvn_resp\org\springframework\data\spring-data-commons\2.5.1\spring-data-commons-2.5.1.jar;D:\software\apache-maven-3.6.1\mvn_resp\org\springframework\spring-tx\5.3.7\spring-tx-5.3.7.jar;D:\software\apache-maven-3.6.1\mvn_resp\org\springframework\spring-oxm\5.3.7\spring-oxm-5.3.7.jar;D:\software\apache-maven-3.6.1\mvn_resp\org\springframework\spring-context-support\5.3.7\spring-context-support-5.3.7.jar;D:\software\apache-maven-3.6.1\mvn_resp\org\slf4j\slf4j-api\1.7.30\slf4j-api-1.7.30.jar;D:\software\apache-maven-3.6.1\mvn_resp\io\lettuce\lettuce-core\6.1.2.RELEASE\lettuce-core-6.1.2.RELEASE.jar;D:\software\apache-maven-3.6.1\mvn_resp\io\netty\netty-common\4.1.65.Final\netty-common-4.1.65.Final.jar;D:\software\apache-maven-3.6.1\mvn_resp\io\netty\netty-handler\4.1.65.Final\netty-handler-4.1.65.Final.jar;D:\software\apache-maven-3.6.1\mvn_resp\io\netty\netty-resolver\4.1.65.Final\netty-resolver-4.1.65.Final.jar;D:\software\apache-maven-3.6.1\mvn_resp\io\netty\netty-buffer\4.1.65.Final\netty-buffer-4.1.65.Final.jar;D:\software\apache-maven-3.6.1\mvn_resp\io\netty\netty-codec\4.1.65.Final\netty-codec-4.1.65.Final.jar;D:\software\apache-maven-3.6.1\mvn_resp\io\netty\netty-transport\4.1.65.Final\netty-transport-4.1.65.Final.jar;D:\software\apache-maven-3.6.1\mvn_resp\io\projectreactor\reactor-core\3.4.6\reactor-core-3.4.6.jar;D:\software\apache-maven-3.6.1\mvn_resp\org\reactivestreams\reactive-streams\1.0.3\reactive-streams-1.0.3.jar;D:\software\apache-maven-3.6.1\mvn_resp\com\alibaba\fastjson\1.2.33\fastjson-1.2.33.jar;D:\software\apache-maven-3.6.1\mvn_resp\io\jsonwebtoken\jjwt\0.9.0\jjwt-0.9.0.jar;D:\software\apache-maven-3.6.1\mvn_resp\com\fasterxml\jackson\core\jackson-databind\2.12.3\jackson-databind-2.12.3.jar;D:\software\apache-maven-3.6.1\mvn_resp\com\fasterxml\jackson\core\jackson-annotations\2.12.3\jackson-annotations-2.12.3.jar;D:\software\apache-maven-3.6.1\mvn_resp\com\fasterxml\jackson\core\jackson-core\2.12.3\jackson-core-2.12.3.jar;D:\software\apache-maven-3.6.1\mvn_resp\com\baomidou\mybatis-plus-boot-starter\3.4.3\mybatis-plus-boot-starter-3.4.3.jar;D:\software\apache-maven-3.6.1\mvn_resp\com\baomidou\mybatis-plus\3.4.3\mybatis-plus-3.4.3.jar;D:\software\apache-maven-3.6.1\mvn_resp\com\baomidou\mybatis-plus-extension\3.4.3\mybatis-plus-extension-3.4.3.jar;D:\software\apache-maven-3.6.1\mvn_resp\com\baomidou\mybatis-plus-core\3.4.3\mybatis-plus-core-3.4.3.jar;D:\software\apache-maven-3.6.1\mvn_resp\com\baomidou\mybatis-plus-annotation\3.4.3\mybatis-plus-annotation-3.4.3.jar;D:\software\apache-maven-3.6.1\mvn_resp\com\github\jsqlparser\jsqlparser\4.0\jsqlparser-4.0.jar;D:\software\apache-maven-3.6.1\mvn_resp\org\mybatis\mybatis\3.5.7\mybatis-3.5.7.jar;D:\software\apache-maven-3.6.1\mvn_resp\org\mybatis\mybatis-spring\2.0.6\mybatis-spring-2.0.6.jar;D:\software\apache-maven-3.6.1\mvn_resp\org\springframework\boot\spring-boot-autoconfigure\2.5.0\spring-boot-autoconfigure-2.5.0.jar;D:\software\apache-maven-3.6.1\mvn_resp\org\springframework\boot\spring-boot-starter-jdbc\2.5.0\spring-boot-starter-jdbc-2.5.0.jar;D:\software\apache-maven-3.6.1\mvn_resp\com\zaxxer\HikariCP\4.0.3\HikariCP-4.0.3.jar;D:\software\apache-maven-3.6.1\mvn_resp\org\springframework\spring-jdbc\5.3.7\spring-jdbc-5.3.7.jar;D:\software\apache-maven-3.6.1\mvn_resp\mysql\mysql-connector-java\8.0.25\mysql-connector-java-8.0.25.jar;D:\software\apache-maven-3.6.1\mvn_resp\org\springframework\boot\spring-boot-starter-test\2.5.0\spring-boot-starter-test-2.5.0.jar;D:\software\apache-maven-3.6.1\mvn_resp\org\springframework\boot\spring-boot-test\2.5.0\spring-boot-test-2.5.0.jar;D:\software\apache-maven-3.6.1\mvn_resp\org\springframework\boot\spring-boot-test-autoconfigure\2.5.0\spring-boot-test-autoconfigure-2.5.0.jar;D:\software\apache-maven-3.6.1\mvn_resp\com\jayway\jsonpath\json-path\2.5.0\json-path-2.5.0.jar;D:\software\apache-maven-3.6.1\mvn_resp\net\minidev\json-smart\2.4.7\json-smart-2.4.7.jar;D:\software\apache-maven-3.6.1\mvn_resp\net\minidev\accessors-smart\2.4.7\accessors-smart-2.4.7.jar;D:\software\apache-maven-3.6.1\mvn_resp\org\ow2\asm\asm\9.1\asm-9.1.jar;D:\software\apache-maven-3.6.1\mvn_resp\jakarta\xml\bind\jakarta.xml.bind-api\2.3.3\jakarta.xml.bind-api-2.3.3.jar;D:\software\apache-maven-3.6.1\mvn_resp\jakarta\activation\jakarta.activation-api\1.2.2\jakarta.activation-api-1.2.2.jar;D:\software\apache-maven-3.6.1\mvn_resp\org\assertj\assertj-core\3.19.0\assertj-core-3.19.0.jar;D:\software\apache-maven-3.6.1\mvn_resp\org\hamcrest\hamcrest\2.2\hamcrest-2.2.jar;D:\software\apache-maven-3.6.1\mvn_resp\org\junit\jupiter\junit-jupiter\5.7.2\junit-jupiter-5.7.2.jar;D:\software\apache-maven-3.6.1\mvn_resp\org\junit\jupiter\junit-jupiter-api\5.7.2\junit-jupiter-api-5.7.2.jar;D:\software\apache-maven-3.6.1\mvn_resp\org\apiguardian\apiguardian-api\1.1.0\apiguardian-api-1.1.0.jar;D:\software\apache-maven-3.6.1\mvn_resp\org\opentest4j\opentest4j\1.2.0\opentest4j-1.2.0.jar;D:\software\apache-maven-3.6.1\mvn_resp\org\junit\platform\junit-platform-commons\1.7.2\junit-platform-commons-1.7.2.jar;D:\software\apache-maven-3.6.1\mvn_resp\org\junit\jupiter\junit-jupiter-params\5.7.2\junit-jupiter-params-5.7.2.jar;D:\software\apache-maven-3.6.1\mvn_resp\org\junit\jupiter\junit-jupiter-engine\5.7.2\junit-jupiter-engine-5.7.2.jar;D:\software\apache-maven-3.6.1\mvn_resp\org\junit\platform\junit-platform-engine\1.7.2\junit-platform-engine-1.7.2.jar;D:\software\apache-maven-3.6.1\mvn_resp\org\mockito\mockito-core\3.9.0\mockito-core-3.9.0.jar;D:\software\apache-maven-3.6.1\mvn_resp\net\bytebuddy\byte-buddy\1.10.22\byte-buddy-1.10.22.jar;D:\software\apache-maven-3.6.1\mvn_resp\net\bytebuddy\byte-buddy-agent\1.10.22\byte-buddy-agent-1.10.22.jar;D:\software\apache-maven-3.6.1\mvn_resp\org\objenesis\objenesis\3.2\objenesis-3.2.jar;D:\software\apache-maven-3.6.1\mvn_resp\org\mockito\mockito-junit-jupiter\3.9.0\mockito-junit-jupiter-3.9.0.jar;D:\software\apache-maven-3.6.1\mvn_resp\org\skyscreamer\jsonassert\1.5.0\jsonassert-1.5.0.jar;D:\software\apache-maven-3.6.1\mvn_resp\com\vaadin\external\google\android-json\0.0.20131108.vaadin1\android-json-0.0.20131108.vaadin1.jar;D:\software\apache-maven-3.6.1\mvn_resp\org\springframework\spring-core\5.3.7\spring-core-5.3.7.jar;D:\software\apache-maven-3.6.1\mvn_resp\org\springframework\spring-jcl\5.3.7\spring-jcl-5.3.7.jar;D:\software\apache-maven-3.6.1\mvn_resp\org\springframework\spring-test\5.3.7\spring-test-5.3.7.jar;D:\software\apache-maven-3.6.1\mvn_resp\org\xmlunit\xmlunit-core\2.8.2\xmlunit-core-2.8.2.jar;"/>
    <property name="sun.cpu.endian" value="little"/>
    <property name="user.home" value="C:\Users\gongxuan"/>
    <property name="user.language" value="zh"/>
    <property name="java.specification.vendor" value="Oracle Corporation"/>
    <property name="java.home" value="D:\Java\jdk1.8.0_92\jre"/>
    <property name="basedir" value="D:\SanGengSpringSecurity\02_TokenDemo"/>
    <property name="file.separator" value="\"/>
    <property name="line.separator" value="&#10;"/>
    <property name="java.vm.specification.vendor" value="Oracle Corporation"/>
    <property name="java.specification.name" value="Java Platform API Specification"/>
    <property name="java.awt.graphicsenv" value="sun.awt.Win32GraphicsEnvironment"/>
    <property name="surefire.real.class.path" value="C:\Users\gongxuan\AppData\Local\Temp\surefire3059798035233866159\surefirebooter7294640636051926018.jar"/>
    <property name="sun.boot.class.path" value="D:\Java\jdk1.8.0_92\jre\lib\resources.jar;D:\Java\jdk1.8.0_92\jre\lib\rt.jar;D:\Java\jdk1.8.0_92\jre\lib\sunrsasign.jar;D:\Java\jdk1.8.0_92\jre\lib\jsse.jar;D:\Java\jdk1.8.0_92\jre\lib\jce.jar;D:\Java\jdk1.8.0_92\jre\lib\charsets.jar;D:\Java\jdk1.8.0_92\jre\lib\jfr.jar;D:\Java\jdk1.8.0_92\jre\classes"/>
    <property name="user.script" value=""/>
    <property name="sun.management.compiler" value="HotSpot 64-Bit Tiered Compilers"/>
    <property name="java.runtime.version" value="1.8.0_92-b14"/>
    <property name="user.name" value="gongxuan"/>
    <property name="path.separator" value=";"/>
    <property name="os.version" value="10.0"/>
    <property name="java.endorsed.dirs" value="D:\Java\jdk1.8.0_92\jre\lib\endorsed"/>
    <property name="java.runtime.name" value="Java(TM) SE Runtime Environment"/>
    <property name="file.encoding" value="GBK"/>
    <property name="java.vm.name" value="Java HotSpot(TM) 64-Bit Server VM"/>
    <property name="localRepository" value="D:\software\apache-maven-3.6.1\mvn_resp"/>
    <property name="java.vendor.url.bug" value="http://bugreport.sun.com/bugreport/"/>
    <property name="java.io.tmpdir" value="C:\Users\gongxuan\AppData\Local\Temp\"/>
    <property name="idea.version" value="2021.3.3"/>
    <property name="java.version" value="1.8.0_92"/>
    <property name="user.dir" value="D:\SanGengSpringSecurity\02_TokenDemo"/>
    <property name="os.arch" value="amd64"/>
    <property name="java.vm.specification.name" value="Java Virtual Machine Specification"/>
    <property name="java.awt.printerjob" value="sun.awt.windows.WPrinterJob"/>
    <property name="sun.os.patch.level" value=""/>
    <property name="java.library.path" value="D:\Java\jdk1.8.0_92\jre\bin;C:\Windows\Sun\Java\bin;C:\Windows\system32;C:\Windows;C:\Windows\system32;C:\Windows;C:\Windows\System32\Wbem;C:\Windows\System32\WindowsPowerShell\v1.0\;C:\Windows\System32\OpenSSH\;D:\Java\jdk1.8.0_92\bin;C:\Program Files\Git\cmd;D:\mysql\mysql-5.7.24-winx64\bin;C:\Users\gongxuan\AppData\Local\Microsoft\WindowsApps;;."/>
    <property name="java.vm.info" value="mixed mode"/>
    <property name="java.vendor" value="Oracle Corporation"/>
    <property name="java.vm.version" value="25.92-b14"/>
    <property name="java.ext.dirs" value="D:\Java\jdk1.8.0_92\jre\lib\ext;C:\Windows\Sun\Java\lib\ext"/>
    <property name="sun.io.unicode.encoding" value="UnicodeLittle"/>
    <property name="maven.repo.local" value="D:\software\apache-maven-3.6.1\mvn_resp"/>
    <property name="java.class.version" value="52.0"/>
  </properties>
  <testcase name="testSelectPermsByUserId" classname="com.sangeng.MapperTest" time="1.308"/>
  <testcase name="BCryptPasswordEncoder" classname="com.sangeng.MapperTest" time="0.095"/>
  <testcase name="testUserMapper" classname="com.sangeng.MapperTest" time="0.149"/>
</testsuite>