<?xml version="1.0" encoding="UTF-8"?>
<testsuite xmlns:xsi="http://www.w3.org/2001/XMLSchema-instance" xsi:noNamespaceSchemaLocation="https://maven.apache.org/surefire/maven-surefire-plugin/xsd/surefire-test-report.xsd" name="com.sangeng.MapperTest" time="8.318" tests="3" errors="0" skipped="0" failures="0">
  <properties>
    <property name="sun.desktop" value="windows"/>
    <property name="awt.toolkit" value="sun.awt.windows.WToolkit"/>
    <property name="file.encoding.pkg" value="sun.io"/>
    <property name="java.specification.version" value="1.8"/>
    <property name="sun.cpu.isalist" value="amd64"/>
    <property name="sun.jnu.encoding" value="GBK"/>
    <property name="java.class.path" value="E:\SanGengSpringSecurity\02_TokenDemo\target\test-classes;E:\SanGengSpringSecurity\02_TokenDemo\target\classes;E:\Javapachong\repository\org\springframework\boot\spring-boot-starter-web\2.5.0\spring-boot-starter-web-2.5.0.jar;E:\Javapachong\repository\org\springframework\boot\spring-boot-starter\2.5.0\spring-boot-starter-2.5.0.jar;E:\Javapachong\repository\org\springframework\boot\spring-boot\2.5.0\spring-boot-2.5.0.jar;E:\Javapachong\repository\org\springframework\boot\spring-boot-starter-logging\2.5.0\spring-boot-starter-logging-2.5.0.jar;E:\Javapachong\repository\ch\qos\logback\logback-classic\1.2.3\logback-classic-1.2.3.jar;E:\Javapachong\repository\ch\qos\logback\logback-core\1.2.3\logback-core-1.2.3.jar;E:\Javapachong\repository\org\apache\logging\log4j\log4j-to-slf4j\2.14.1\log4j-to-slf4j-2.14.1.jar;E:\Javapachong\repository\org\apache\logging\log4j\log4j-api\2.14.1\log4j-api-2.14.1.jar;E:\Javapachong\repository\org\slf4j\jul-to-slf4j\1.7.30\jul-to-slf4j-1.7.30.jar;E:\Javapachong\repository\jakarta\annotation\jakarta.annotation-api\1.3.5\jakarta.annotation-api-1.3.5.jar;E:\Javapachong\repository\org\yaml\snakeyaml\1.28\snakeyaml-1.28.jar;E:\Javapachong\repository\org\springframework\boot\spring-boot-starter-json\2.5.0\spring-boot-starter-json-2.5.0.jar;E:\Javapachong\repository\com\fasterxml\jackson\datatype\jackson-datatype-jdk8\2.12.3\jackson-datatype-jdk8-2.12.3.jar;E:\Javapachong\repository\com\fasterxml\jackson\datatype\jackson-datatype-jsr310\2.12.3\jackson-datatype-jsr310-2.12.3.jar;E:\Javapachong\repository\com\fasterxml\jackson\module\jackson-module-parameter-names\2.12.3\jackson-module-parameter-names-2.12.3.jar;E:\Javapachong\repository\org\springframework\boot\spring-boot-starter-tomcat\2.5.0\spring-boot-starter-tomcat-2.5.0.jar;E:\Javapachong\repository\org\apache\tomcat\embed\tomcat-embed-core\9.0.46\tomcat-embed-core-9.0.46.jar;E:\Javapachong\repository\org\apache\tomcat\embed\tomcat-embed-el\9.0.46\tomcat-embed-el-9.0.46.jar;E:\Javapachong\repository\org\apache\tomcat\embed\tomcat-embed-websocket\9.0.46\tomcat-embed-websocket-9.0.46.jar;E:\Javapachong\repository\org\springframework\spring-web\5.3.7\spring-web-5.3.7.jar;E:\Javapachong\repository\org\springframework\spring-beans\5.3.7\spring-beans-5.3.7.jar;E:\Javapachong\repository\org\springframework\spring-webmvc\5.3.7\spring-webmvc-5.3.7.jar;E:\Javapachong\repository\org\springframework\spring-context\5.3.7\spring-context-5.3.7.jar;E:\Javapachong\repository\org\springframework\spring-expression\5.3.7\spring-expression-5.3.7.jar;E:\Javapachong\repository\org\projectlombok\lombok\1.18.20\lombok-1.18.20.jar;E:\Javapachong\repository\org\springframework\boot\spring-boot-starter-security\2.5.0\spring-boot-starter-security-2.5.0.jar;E:\Javapachong\repository\org\springframework\spring-aop\5.3.7\spring-aop-5.3.7.jar;E:\Javapachong\repository\org\springframework\security\spring-security-config\5.5.0\spring-security-config-5.5.0.jar;E:\Javapachong\repository\org\springframework\security\spring-security-core\5.5.0\spring-security-core-5.5.0.jar;E:\Javapachong\repository\org\jetbrains\kotlin\kotlin-stdlib-jdk8\1.5.0\kotlin-stdlib-jdk8-1.5.0.jar;E:\Javapachong\repository\org\jetbrains\kotlin\kotlin-stdlib\1.5.0\kotlin-stdlib-1.5.0.jar;E:\Javapachong\repository\org\jetbrains\annotations\13.0\annotations-13.0.jar;E:\Javapachong\repository\org\jetbrains\kotlin\kotlin-stdlib-common\1.5.0\kotlin-stdlib-common-1.5.0.jar;E:\Javapachong\repository\org\jetbrains\kotlin\kotlin-stdlib-jdk7\1.5.0\kotlin-stdlib-jdk7-1.5.0.jar;E:\Javapachong\repository\org\springframework\security\spring-security-web\5.5.0\spring-security-web-5.5.0.jar;E:\Javapachong\repository\org\springframework\boot\spring-boot-starter-data-redis\2.5.0\spring-boot-starter-data-redis-2.5.0.jar;E:\Javapachong\repository\org\springframework\data\spring-data-redis\2.5.1\spring-data-redis-2.5.1.jar;E:\Javapachong\repository\org\springframework\data\spring-data-keyvalue\2.5.1\spring-data-keyvalue-2.5.1.jar;E:\Javapachong\repository\org\springframework\data\spring-data-commons\2.5.1\spring-data-commons-2.5.1.jar;E:\Javapachong\repository\org\springframework\spring-tx\5.3.7\spring-tx-5.3.7.jar;E:\Javapachong\repository\org\springframework\spring-oxm\5.3.7\spring-oxm-5.3.7.jar;E:\Javapachong\repository\org\springframework\spring-context-support\5.3.7\spring-context-support-5.3.7.jar;E:\Javapachong\repository\org\slf4j\slf4j-api\1.7.30\slf4j-api-1.7.30.jar;E:\Javapachong\repository\io\lettuce\lettuce-core\6.1.2.RELEASE\lettuce-core-6.1.2.RELEASE.jar;E:\Javapachong\repository\io\netty\netty-common\4.1.65.Final\netty-common-4.1.65.Final.jar;E:\Javapachong\repository\io\netty\netty-handler\4.1.65.Final\netty-handler-4.1.65.Final.jar;E:\Javapachong\repository\io\netty\netty-resolver\4.1.65.Final\netty-resolver-4.1.65.Final.jar;E:\Javapachong\repository\io\netty\netty-buffer\4.1.65.Final\netty-buffer-4.1.65.Final.jar;E:\Javapachong\repository\io\netty\netty-codec\4.1.65.Final\netty-codec-4.1.65.Final.jar;E:\Javapachong\repository\io\netty\netty-transport\4.1.65.Final\netty-transport-4.1.65.Final.jar;E:\Javapachong\repository\io\projectreactor\reactor-core\3.4.6\reactor-core-3.4.6.jar;E:\Javapachong\repository\org\reactivestreams\reactive-streams\1.0.3\reactive-streams-1.0.3.jar;E:\Javapachong\repository\com\alibaba\fastjson\1.2.33\fastjson-1.2.33.jar;E:\Javapachong\repository\io\jsonwebtoken\jjwt\0.9.0\jjwt-0.9.0.jar;E:\Javapachong\repository\com\fasterxml\jackson\core\jackson-databind\2.12.3\jackson-databind-2.12.3.jar;E:\Javapachong\repository\com\fasterxml\jackson\core\jackson-annotations\2.12.3\jackson-annotations-2.12.3.jar;E:\Javapachong\repository\com\fasterxml\jackson\core\jackson-core\2.12.3\jackson-core-2.12.3.jar;E:\Javapachong\repository\com\baomidou\mybatis-plus-boot-starter\3.4.3\mybatis-plus-boot-starter-3.4.3.jar;E:\Javapachong\repository\com\baomidou\mybatis-plus\3.4.3\mybatis-plus-3.4.3.jar;E:\Javapachong\repository\com\baomidou\mybatis-plus-extension\3.4.3\mybatis-plus-extension-3.4.3.jar;E:\Javapachong\repository\com\baomidou\mybatis-plus-core\3.4.3\mybatis-plus-core-3.4.3.jar;E:\Javapachong\repository\com\baomidou\mybatis-plus-annotation\3.4.3\mybatis-plus-annotation-3.4.3.jar;E:\Javapachong\repository\com\github\jsqlparser\jsqlparser\4.0\jsqlparser-4.0.jar;E:\Javapachong\repository\org\mybatis\mybatis\3.5.7\mybatis-3.5.7.jar;E:\Javapachong\repository\org\mybatis\mybatis-spring\2.0.6\mybatis-spring-2.0.6.jar;E:\Javapachong\repository\org\springframework\boot\spring-boot-autoconfigure\2.5.0\spring-boot-autoconfigure-2.5.0.jar;E:\Javapachong\repository\org\springframework\boot\spring-boot-starter-jdbc\2.5.0\spring-boot-starter-jdbc-2.5.0.jar;E:\Javapachong\repository\com\zaxxer\HikariCP\4.0.3\HikariCP-4.0.3.jar;E:\Javapachong\repository\org\springframework\spring-jdbc\5.3.7\spring-jdbc-5.3.7.jar;E:\Javapachong\repository\mysql\mysql-connector-java\8.0.25\mysql-connector-java-8.0.25.jar;E:\Javapachong\repository\org\springframework\boot\spring-boot-starter-test\2.5.0\spring-boot-starter-test-2.5.0.jar;E:\Javapachong\repository\org\springframework\boot\spring-boot-test\2.5.0\spring-boot-test-2.5.0.jar;E:\Javapachong\repository\org\springframework\boot\spring-boot-test-autoconfigure\2.5.0\spring-boot-test-autoconfigure-2.5.0.jar;E:\Javapachong\repository\com\jayway\jsonpath\json-path\2.5.0\json-path-2.5.0.jar;E:\Javapachong\repository\net\minidev\json-smart\2.4.7\json-smart-2.4.7.jar;E:\Javapachong\repository\net\minidev\accessors-smart\2.4.7\accessors-smart-2.4.7.jar;E:\Javapachong\repository\org\ow2\asm\asm\9.1\asm-9.1.jar;E:\Javapachong\repository\jakarta\xml\bind\jakarta.xml.bind-api\2.3.3\jakarta.xml.bind-api-2.3.3.jar;E:\Javapachong\repository\jakarta\activation\jakarta.activation-api\1.2.2\jakarta.activation-api-1.2.2.jar;E:\Javapachong\repository\org\assertj\assertj-core\3.19.0\assertj-core-3.19.0.jar;E:\Javapachong\repository\org\hamcrest\hamcrest\2.2\hamcrest-2.2.jar;E:\Javapachong\repository\org\junit\jupiter\junit-jupiter\5.7.2\junit-jupiter-5.7.2.jar;E:\Javapachong\repository\org\junit\jupiter\junit-jupiter-api\5.7.2\junit-jupiter-api-5.7.2.jar;E:\Javapachong\repository\org\apiguardian\apiguardian-api\1.1.0\apiguardian-api-1.1.0.jar;E:\Javapachong\repository\org\opentest4j\opentest4j\1.2.0\opentest4j-1.2.0.jar;E:\Javapachong\repository\org\junit\platform\junit-platform-commons\1.7.2\junit-platform-commons-1.7.2.jar;E:\Javapachong\repository\org\junit\jupiter\junit-jupiter-params\5.7.2\junit-jupiter-params-5.7.2.jar;E:\Javapachong\repository\org\junit\jupiter\junit-jupiter-engine\5.7.2\junit-jupiter-engine-5.7.2.jar;E:\Javapachong\repository\org\junit\platform\junit-platform-engine\1.7.2\junit-platform-engine-1.7.2.jar;E:\Javapachong\repository\org\mockito\mockito-core\3.9.0\mockito-core-3.9.0.jar;E:\Javapachong\repository\net\bytebuddy\byte-buddy\1.10.22\byte-buddy-1.10.22.jar;E:\Javapachong\repository\net\bytebuddy\byte-buddy-agent\1.10.22\byte-buddy-agent-1.10.22.jar;E:\Javapachong\repository\org\objenesis\objenesis\3.2\objenesis-3.2.jar;E:\Javapachong\repository\org\mockito\mockito-junit-jupiter\3.9.0\mockito-junit-jupiter-3.9.0.jar;E:\Javapachong\repository\org\skyscreamer\jsonassert\1.5.0\jsonassert-1.5.0.jar;E:\Javapachong\repository\com\vaadin\external\google\android-json\0.0.20131108.vaadin1\android-json-0.0.20131108.vaadin1.jar;E:\Javapachong\repository\org\springframework\spring-core\5.3.7\spring-core-5.3.7.jar;E:\Javapachong\repository\org\springframework\spring-jcl\5.3.7\spring-jcl-5.3.7.jar;E:\Javapachong\repository\org\springframework\spring-test\5.3.7\spring-test-5.3.7.jar;E:\Javapachong\repository\org\xmlunit\xmlunit-core\2.8.2\xmlunit-core-2.8.2.jar;"/>
    <property name="java.vm.vendor" value="Oracle Corporation"/>
    <property name="sun.arch.data.model" value="64"/>
    <property name="user.variant" value=""/>
    <property name="java.vendor.url" value="http://java.oracle.com/"/>
    <property name="user.timezone" value="Asia/Shanghai"/>
    <property name="java.vm.specification.version" value="1.8"/>
    <property name="os.name" value="Windows 10"/>
    <property name="user.country" value="CN"/>
    <property name="sun.java.launcher" value="SUN_STANDARD"/>
    <property name="sun.boot.library.path" value="E:\Java\jdk1.8.0_92\jre\bin"/>
    <property name="sun.java.command" value="C:\Users\89710\AppData\Local\Temp\surefire4049248602471675473\surefirebooter6631883682051794869.jar C:\Users\89710\AppData\Local\Temp\surefire4049248602471675473 2022-10-21T17-33-42_917-jvmRun1 surefire2437077849036654955tmp surefire_02921165526438447613tmp"/>
    <property name="surefire.test.class.path" value="E:\SanGengSpringSecurity\02_TokenDemo\target\test-classes;E:\SanGengSpringSecurity\02_TokenDemo\target\classes;E:\Javapachong\repository\org\springframework\boot\spring-boot-starter-web\2.5.0\spring-boot-starter-web-2.5.0.jar;E:\Javapachong\repository\org\springframework\boot\spring-boot-starter\2.5.0\spring-boot-starter-2.5.0.jar;E:\Javapachong\repository\org\springframework\boot\spring-boot\2.5.0\spring-boot-2.5.0.jar;E:\Javapachong\repository\org\springframework\boot\spring-boot-starter-logging\2.5.0\spring-boot-starter-logging-2.5.0.jar;E:\Javapachong\repository\ch\qos\logback\logback-classic\1.2.3\logback-classic-1.2.3.jar;E:\Javapachong\repository\ch\qos\logback\logback-core\1.2.3\logback-core-1.2.3.jar;E:\Javapachong\repository\org\apache\logging\log4j\log4j-to-slf4j\2.14.1\log4j-to-slf4j-2.14.1.jar;E:\Javapachong\repository\org\apache\logging\log4j\log4j-api\2.14.1\log4j-api-2.14.1.jar;E:\Javapachong\repository\org\slf4j\jul-to-slf4j\1.7.30\jul-to-slf4j-1.7.30.jar;E:\Javapachong\repository\jakarta\annotation\jakarta.annotation-api\1.3.5\jakarta.annotation-api-1.3.5.jar;E:\Javapachong\repository\org\yaml\snakeyaml\1.28\snakeyaml-1.28.jar;E:\Javapachong\repository\org\springframework\boot\spring-boot-starter-json\2.5.0\spring-boot-starter-json-2.5.0.jar;E:\Javapachong\repository\com\fasterxml\jackson\datatype\jackson-datatype-jdk8\2.12.3\jackson-datatype-jdk8-2.12.3.jar;E:\Javapachong\repository\com\fasterxml\jackson\datatype\jackson-datatype-jsr310\2.12.3\jackson-datatype-jsr310-2.12.3.jar;E:\Javapachong\repository\com\fasterxml\jackson\module\jackson-module-parameter-names\2.12.3\jackson-module-parameter-names-2.12.3.jar;E:\Javapachong\repository\org\springframework\boot\spring-boot-starter-tomcat\2.5.0\spring-boot-starter-tomcat-2.5.0.jar;E:\Javapachong\repository\org\apache\tomcat\embed\tomcat-embed-core\9.0.46\tomcat-embed-core-9.0.46.jar;E:\Javapachong\repository\org\apache\tomcat\embed\tomcat-embed-el\9.0.46\tomcat-embed-el-9.0.46.jar;E:\Javapachong\repository\org\apache\tomcat\embed\tomcat-embed-websocket\9.0.46\tomcat-embed-websocket-9.0.46.jar;E:\Javapachong\repository\org\springframework\spring-web\5.3.7\spring-web-5.3.7.jar;E:\Javapachong\repository\org\springframework\spring-beans\5.3.7\spring-beans-5.3.7.jar;E:\Javapachong\repository\org\springframework\spring-webmvc\5.3.7\spring-webmvc-5.3.7.jar;E:\Javapachong\repository\org\springframework\spring-context\5.3.7\spring-context-5.3.7.jar;E:\Javapachong\repository\org\springframework\spring-expression\5.3.7\spring-expression-5.3.7.jar;E:\Javapachong\repository\org\projectlombok\lombok\1.18.20\lombok-1.18.20.jar;E:\Javapachong\repository\org\springframework\boot\spring-boot-starter-security\2.5.0\spring-boot-starter-security-2.5.0.jar;E:\Javapachong\repository\org\springframework\spring-aop\5.3.7\spring-aop-5.3.7.jar;E:\Javapachong\repository\org\springframework\security\spring-security-config\5.5.0\spring-security-config-5.5.0.jar;E:\Javapachong\repository\org\springframework\security\spring-security-core\5.5.0\spring-security-core-5.5.0.jar;E:\Javapachong\repository\org\jetbrains\kotlin\kotlin-stdlib-jdk8\1.5.0\kotlin-stdlib-jdk8-1.5.0.jar;E:\Javapachong\repository\org\jetbrains\kotlin\kotlin-stdlib\1.5.0\kotlin-stdlib-1.5.0.jar;E:\Javapachong\repository\org\jetbrains\annotations\13.0\annotations-13.0.jar;E:\Javapachong\repository\org\jetbrains\kotlin\kotlin-stdlib-common\1.5.0\kotlin-stdlib-common-1.5.0.jar;E:\Javapachong\repository\org\jetbrains\kotlin\kotlin-stdlib-jdk7\1.5.0\kotlin-stdlib-jdk7-1.5.0.jar;E:\Javapachong\repository\org\springframework\security\spring-security-web\5.5.0\spring-security-web-5.5.0.jar;E:\Javapachong\repository\org\springframework\boot\spring-boot-starter-data-redis\2.5.0\spring-boot-starter-data-redis-2.5.0.jar;E:\Javapachong\repository\org\springframework\data\spring-data-redis\2.5.1\spring-data-redis-2.5.1.jar;E:\Javapachong\repository\org\springframework\data\spring-data-keyvalue\2.5.1\spring-data-keyvalue-2.5.1.jar;E:\Javapachong\repository\org\springframework\data\spring-data-commons\2.5.1\spring-data-commons-2.5.1.jar;E:\Javapachong\repository\org\springframework\spring-tx\5.3.7\spring-tx-5.3.7.jar;E:\Javapachong\repository\org\springframework\spring-oxm\5.3.7\spring-oxm-5.3.7.jar;E:\Javapachong\repository\org\springframework\spring-context-support\5.3.7\spring-context-support-5.3.7.jar;E:\Javapachong\repository\org\slf4j\slf4j-api\1.7.30\slf4j-api-1.7.30.jar;E:\Javapachong\repository\io\lettuce\lettuce-core\6.1.2.RELEASE\lettuce-core-6.1.2.RELEASE.jar;E:\Javapachong\repository\io\netty\netty-common\4.1.65.Final\netty-common-4.1.65.Final.jar;E:\Javapachong\repository\io\netty\netty-handler\4.1.65.Final\netty-handler-4.1.65.Final.jar;E:\Javapachong\repository\io\netty\netty-resolver\4.1.65.Final\netty-resolver-4.1.65.Final.jar;E:\Javapachong\repository\io\netty\netty-buffer\4.1.65.Final\netty-buffer-4.1.65.Final.jar;E:\Javapachong\repository\io\netty\netty-codec\4.1.65.Final\netty-codec-4.1.65.Final.jar;E:\Javapachong\repository\io\netty\netty-transport\4.1.65.Final\netty-transport-4.1.65.Final.jar;E:\Javapachong\repository\io\projectreactor\reactor-core\3.4.6\reactor-core-3.4.6.jar;E:\Javapachong\repository\org\reactivestreams\reactive-streams\1.0.3\reactive-streams-1.0.3.jar;E:\Javapachong\repository\com\alibaba\fastjson\1.2.33\fastjson-1.2.33.jar;E:\Javapachong\repository\io\jsonwebtoken\jjwt\0.9.0\jjwt-0.9.0.jar;E:\Javapachong\repository\com\fasterxml\jackson\core\jackson-databind\2.12.3\jackson-databind-2.12.3.jar;E:\Javapachong\repository\com\fasterxml\jackson\core\jackson-annotations\2.12.3\jackson-annotations-2.12.3.jar;E:\Javapachong\repository\com\fasterxml\jackson\core\jackson-core\2.12.3\jackson-core-2.12.3.jar;E:\Javapachong\repository\com\baomidou\mybatis-plus-boot-starter\3.4.3\mybatis-plus-boot-starter-3.4.3.jar;E:\Javapachong\repository\com\baomidou\mybatis-plus\3.4.3\mybatis-plus-3.4.3.jar;E:\Javapachong\repository\com\baomidou\mybatis-plus-extension\3.4.3\mybatis-plus-extension-3.4.3.jar;E:\Javapachong\repository\com\baomidou\mybatis-plus-core\3.4.3\mybatis-plus-core-3.4.3.jar;E:\Javapachong\repository\com\baomidou\mybatis-plus-annotation\3.4.3\mybatis-plus-annotation-3.4.3.jar;E:\Javapachong\repository\com\github\jsqlparser\jsqlparser\4.0\jsqlparser-4.0.jar;E:\Javapachong\repository\org\mybatis\mybatis\3.5.7\mybatis-3.5.7.jar;E:\Javapachong\repository\org\mybatis\mybatis-spring\2.0.6\mybatis-spring-2.0.6.jar;E:\Javapachong\repository\org\springframework\boot\spring-boot-autoconfigure\2.5.0\spring-boot-autoconfigure-2.5.0.jar;E:\Javapachong\repository\org\springframework\boot\spring-boot-starter-jdbc\2.5.0\spring-boot-starter-jdbc-2.5.0.jar;E:\Javapachong\repository\com\zaxxer\HikariCP\4.0.3\HikariCP-4.0.3.jar;E:\Javapachong\repository\org\springframework\spring-jdbc\5.3.7\spring-jdbc-5.3.7.jar;E:\Javapachong\repository\mysql\mysql-connector-java\8.0.25\mysql-connector-java-8.0.25.jar;E:\Javapachong\repository\org\springframework\boot\spring-boot-starter-test\2.5.0\spring-boot-starter-test-2.5.0.jar;E:\Javapachong\repository\org\springframework\boot\spring-boot-test\2.5.0\spring-boot-test-2.5.0.jar;E:\Javapachong\repository\org\springframework\boot\spring-boot-test-autoconfigure\2.5.0\spring-boot-test-autoconfigure-2.5.0.jar;E:\Javapachong\repository\com\jayway\jsonpath\json-path\2.5.0\json-path-2.5.0.jar;E:\Javapachong\repository\net\minidev\json-smart\2.4.7\json-smart-2.4.7.jar;E:\Javapachong\repository\net\minidev\accessors-smart\2.4.7\accessors-smart-2.4.7.jar;E:\Javapachong\repository\org\ow2\asm\asm\9.1\asm-9.1.jar;E:\Javapachong\repository\jakarta\xml\bind\jakarta.xml.bind-api\2.3.3\jakarta.xml.bind-api-2.3.3.jar;E:\Javapachong\repository\jakarta\activation\jakarta.activation-api\1.2.2\jakarta.activation-api-1.2.2.jar;E:\Javapachong\repository\org\assertj\assertj-core\3.19.0\assertj-core-3.19.0.jar;E:\Javapachong\repository\org\hamcrest\hamcrest\2.2\hamcrest-2.2.jar;E:\Javapachong\repository\org\junit\jupiter\junit-jupiter\5.7.2\junit-jupiter-5.7.2.jar;E:\Javapachong\repository\org\junit\jupiter\junit-jupiter-api\5.7.2\junit-jupiter-api-5.7.2.jar;E:\Javapachong\repository\org\apiguardian\apiguardian-api\1.1.0\apiguardian-api-1.1.0.jar;E:\Javapachong\repository\org\opentest4j\opentest4j\1.2.0\opentest4j-1.2.0.jar;E:\Javapachong\repository\org\junit\platform\junit-platform-commons\1.7.2\junit-platform-commons-1.7.2.jar;E:\Javapachong\repository\org\junit\jupiter\junit-jupiter-params\5.7.2\junit-jupiter-params-5.7.2.jar;E:\Javapachong\repository\org\junit\jupiter\junit-jupiter-engine\5.7.2\junit-jupiter-engine-5.7.2.jar;E:\Javapachong\repository\org\junit\platform\junit-platform-engine\1.7.2\junit-platform-engine-1.7.2.jar;E:\Javapachong\repository\org\mockito\mockito-core\3.9.0\mockito-core-3.9.0.jar;E:\Javapachong\repository\net\bytebuddy\byte-buddy\1.10.22\byte-buddy-1.10.22.jar;E:\Javapachong\repository\net\bytebuddy\byte-buddy-agent\1.10.22\byte-buddy-agent-1.10.22.jar;E:\Javapachong\repository\org\objenesis\objenesis\3.2\objenesis-3.2.jar;E:\Javapachong\repository\org\mockito\mockito-junit-jupiter\3.9.0\mockito-junit-jupiter-3.9.0.jar;E:\Javapachong\repository\org\skyscreamer\jsonassert\1.5.0\jsonassert-1.5.0.jar;E:\Javapachong\repository\com\vaadin\external\google\android-json\0.0.20131108.vaadin1\android-json-0.0.20131108.vaadin1.jar;E:\Javapachong\repository\org\springframework\spring-core\5.3.7\spring-core-5.3.7.jar;E:\Javapachong\repository\org\springframework\spring-jcl\5.3.7\spring-jcl-5.3.7.jar;E:\Javapachong\repository\org\springframework\spring-test\5.3.7\spring-test-5.3.7.jar;E:\Javapachong\repository\org\xmlunit\xmlunit-core\2.8.2\xmlunit-core-2.8.2.jar;"/>
    <property name="sun.cpu.endian" value="little"/>
    <property name="user.home" value="C:\Users\89710"/>
    <property name="user.language" value="zh"/>
    <property name="java.specification.vendor" value="Oracle Corporation"/>
    <property name="java.home" value="E:\Java\jdk1.8.0_92\jre"/>
    <property name="basedir" value="E:\SanGengSpringSecurity\02_TokenDemo"/>
    <property name="file.separator" value="\"/>
    <property name="line.separator" value="&#10;"/>
    <property name="java.vm.specification.vendor" value="Oracle Corporation"/>
    <property name="java.specification.name" value="Java Platform API Specification"/>
    <property name="java.awt.graphicsenv" value="sun.awt.Win32GraphicsEnvironment"/>
    <property name="surefire.real.class.path" value="C:\Users\89710\AppData\Local\Temp\surefire4049248602471675473\surefirebooter6631883682051794869.jar"/>
    <property name="sun.boot.class.path" value="E:\Java\jdk1.8.0_92\jre\lib\resources.jar;E:\Java\jdk1.8.0_92\jre\lib\rt.jar;E:\Java\jdk1.8.0_92\jre\lib\sunrsasign.jar;E:\Java\jdk1.8.0_92\jre\lib\jsse.jar;E:\Java\jdk1.8.0_92\jre\lib\jce.jar;E:\Java\jdk1.8.0_92\jre\lib\charsets.jar;E:\Java\jdk1.8.0_92\jre\lib\jfr.jar;E:\Java\jdk1.8.0_92\jre\classes"/>
    <property name="user.script" value=""/>
    <property name="sun.management.compiler" value="HotSpot 64-Bit Tiered Compilers"/>
    <property name="java.runtime.version" value="1.8.0_92-b14"/>
    <property name="user.name" value="897106074"/>
    <property name="path.separator" value=";"/>
    <property name="os.version" value="10.0"/>
    <property name="java.endorsed.dirs" value="E:\Java\jdk1.8.0_92\jre\lib\endorsed"/>
    <property name="java.runtime.name" value="Java(TM) SE Runtime Environment"/>
    <property name="file.encoding" value="GBK"/>
    <property name="java.vm.name" value="Java HotSpot(TM) 64-Bit Server VM"/>
    <property name="localRepository" value="E:\Javapachong\repository"/>
    <property name="java.vendor.url.bug" value="http://bugreport.sun.com/bugreport/"/>
    <property name="java.io.tmpdir" value="C:\Users\89710\AppData\Local\Temp\"/>
    <property name="idea.version" value="2018.2.2"/>
    <property name="java.version" value="1.8.0_92"/>
    <property name="user.dir" value="E:\SanGengSpringSecurity\02_TokenDemo"/>
    <property name="os.arch" value="amd64"/>
    <property name="java.vm.specification.name" value="Java Virtual Machine Specification"/>
    <property name="java.awt.printerjob" value="sun.awt.windows.WPrinterJob"/>
    <property name="sun.os.patch.level" value=""/>
    <property name="java.library.path" value="E:\Java\jdk1.8.0_92\jre\bin;C:\WINDOWS\Sun\Java\bin;C:\WINDOWS\system32;C:\WINDOWS;E:\Java\jdk-11.0.16.1\bin;C:\Program Files\Common Files\Oracle\Java\javapath;C:\ProgramData\Oracle\Java\javapath;C:\Program Files (x86)\Intel\iCLS Client\;C:\Program Files\Intel\iCLS Client\;C:\Windows\system32;C:\Windows;C:\Windows\System32\Wbem;C:\Windows\System32\WindowsPowerShell\v1.0\;C:\Program Files (x86)\Intel\Intel(R) Management Engine Components\DAL;C:\Program Files\Intel\Intel(R) Management Engine Components\DAL;C:\Program Files (x86)\Intel\Intel(R) Management Engine Components\IPT;C:\Program Files\Intel\Intel(R) Management Engine Components\IPT;C:\Program Files (x86)\NVIDIA Corporation\PhysX\Common;C:\WINDOWS\system32;C:\WINDOWS;C:\WINDOWS\System32\Wbem;C:\WINDOWS\System32\WindowsPowerShell\v1.0\;C:\WINDOWS\System32\OpenSSH\;C:\Program Files (x86)\Microsoft SQL Server\110\Tools\Binn\;C:\Program Files\Microsoft SQL Server\110\Tools\Binn\;C:\Program Files\Microsoft SQL Server\110\DTS\Binn\;C:\Program Files (x86)\Microsoft SQL Server\110\Tools\Binn\ManagementStudio\;C:\Program Files (x86)\Microsoft SQL Server\110\DTS\Binn\;C:\mysql\mysql-8.0.22-winx64\bin;&quot;D:\Android_avd\platform-tools;D:\Android_avd\tools&quot;;E:\mysql-5.7.24-winx64\bin;E:\software\apache-maven-3.6.3\bin;C:\Users\89710\AppData\Local\Programs\Python\Python38\Scripts;E:\software\apache-maven-3.6.3\bin;C:\Program Files\Git\cmd;E:\texlive\2022\bin\win32;E:\software\mingw64_GCC8.1\mingw64\bin;E:\Microsoft VS Code\bin;;."/>
    <property name="java.vm.info" value="mixed mode"/>
    <property name="java.vendor" value="Oracle Corporation"/>
    <property name="java.vm.version" value="25.92-b14"/>
    <property name="java.ext.dirs" value="E:\Java\jdk1.8.0_92\jre\lib\ext;C:\WINDOWS\Sun\Java\lib\ext"/>
    <property name="sun.io.unicode.encoding" value="UnicodeLittle"/>
    <property name="java.class.version" value="52.0"/>
  </properties>
  <testcase name="testSelectPermsByUserId" classname="com.sangeng.MapperTest" time="0.79"/>
  <testcase name="BCryptPasswordEncoder" classname="com.sangeng.MapperTest" time="0.12"/>
  <testcase name="testUserMapper" classname="com.sangeng.MapperTest" time="0.037"/>
</testsuite>